:: Synchronizing package databases...
downloading core.db...
downloading extra.db...
downloading community.db...
:: Starting full system upgrade...
resolving dependencies...

Packages (7) btrfs-progs-5.2.2-1  compton-7.4-1  imagemagick-7.0.8.66-1  imagemagick-doc-7.0.8.66-1  linux-5.3.1.arch1-1  openssh-8.0p1-3  python-keyutils-0.6-1

Total Download Size:  82.83 MiB

:: Proceed with download? [Y/n] 
:: Retrieving packages...
downloading btrfs-progs-5.2.2-1-x86_64.pkg.tar.xz...
downloading linux-5.3.1.arch1-1-x86_64.pkg.tar.xz...
downloading openssh-8.0p1-3-x86_64.pkg.tar.xz...
downloading imagemagick-7.0.8.66-1-x86_64.pkg.tar.xz...
downloading imagemagick-doc-7.0.8.66-1-x86_64.pkg.tar.xz...
downloading compton-7.4-1-x86_64.pkg.tar.xz...
downloading python-keyutils-0.6-1-x86_64.pkg.tar.xz...
checking keyring...
checking package integrity...
:: Synchronizing package databases...
 core is up to date
 extra is up to date
 community is up to date
:: Starting full system upgrade...
 there is nothing to do
:: Synchronizing package databases...
downloading core.db...
downloading extra.db...
downloading community.db...
:: Starting full system upgrade...
resolving dependencies...

Packages (1) fontconfig-2:2.13.91+23+g65087ac-1

Total Download Size:  0.86 MiB

:: Proceed with download? [Y/n] 
:: Retrieving packages...
downloading fontconfig-2:2.13.91+23+g65087ac-1-x86_64.pkg.tar.xz...
checking keyring...
checking package integrity...
:: Synchronizing package databases...
downloading core.db...
downloading extra.db...
downloading community.db...
:: Starting full system upgrade...
resolving dependencies...

Packages (4) fontconfig-2:2.13.91+23+g65087ac-1  systemd-243.51-1  systemd-libs-243.51-1  systemd-sysvcompat-243.51-1

Total Download Size:  5.21 MiB

:: Proceed with download? [Y/n] 
:: Retrieving packages...
downloading systemd-libs-243.51-1-x86_64.pkg.tar.xz...
downloading systemd-243.51-1-x86_64.pkg.tar.xz...
downloading systemd-sysvcompat-243.51-1-x86_64.pkg.tar.xz...
checking keyring...
checking package integrity...
:: Synchronizing package databases...
downloading core.db...
downloading extra.db...
downloading community.db...
:: Starting full system upgrade...
resolving dependencies...

Packages (8) bluez-5.51-1  bluez-libs-5.51-1  bluez-utils-5.51-1  libtasn1-4.14-2  newsboat-2.17-1  poppler-0.80.0-2  poppler-glib-0.80.0-2  tzdata-2019c-2

Total Download Size:  5.58 MiB

:: Proceed with download? [Y/n] 
:: Retrieving packages...
downloading tzdata-2019c-2-x86_64.pkg.tar.xz...
downloading libtasn1-4.14-2-x86_64.pkg.tar.xz...
downloading bluez-5.51-1-x86_64.pkg.tar.xz...
downloading bluez-libs-5.51-1-x86_64.pkg.tar.xz...
downloading bluez-utils-5.51-1-x86_64.pkg.tar.xz...
downloading poppler-0.80.0-2-x86_64.pkg.tar.xz...
downloading poppler-glib-0.80.0-2-x86_64.pkg.tar.xz...
downloading newsboat-2.17-1-x86_64.pkg.tar.xz...
checking keyring...
checking package integrity...
:: Synchronizing package databases...
:: Synchronizing package databases...
 core is up to date
downloading extra.db...
downloading community.db...
:: Starting full system upgrade...
resolving dependencies...

Packages (9) bluez-5.51-1  bluez-libs-5.51-1  bluez-utils-5.51-1  libtasn1-4.14-2  newsboat-2.17-1  poppler-0.80.0-2  poppler-glib-0.80.0-2  tzdata-2019c-2  vala-0.46.1-2

Total Download Size:  2.06 MiB

:: Proceed with download? [Y/n] 
:: Retrieving packages...
downloading vala-0.46.1-2-x86_64.pkg.tar.xz...
checking keyring...
checking package integrity...
:: Synchronizing package databases...
downloading core.db...
downloading extra.db...
downloading community.db...
:: Starting full system upgrade...
resolving dependencies...

Packages (4) e2fsprogs-1.45.4-1  iproute2-5.3.0-1  shared-mime-info-1.14-1  xorgproto-2019.1-2

Total Download Size:  2.61 MiB

:: Proceed with download? [Y/n] 
:: Retrieving packages...
downloading e2fsprogs-1.45.4-1-x86_64.pkg.tar.xz...
downloading iproute2-5.3.0-1-x86_64.pkg.tar.xz...
downloading shared-mime-info-1.14-1-x86_64.pkg.tar.xz...
downloading xorgproto-2019.1-2-any.pkg.tar.xz...
checking keyring...
checking package integrity...
:: Synchronizing package databases...
 core is up to date
 extra is up to date
downloading community.db...
:: Starting full system upgrade...
resolving dependencies...

Packages (5) gc-8.0.4-1  libwacom-1.1-1  mobile-broadband-provider-info-20190618-1  mpd-0.21.15-1  pango-1:1.44.6+2-1

Total Download Size:  1.55 MiB

:: Proceed with download? [Y/n] 
:: Retrieving packages...
downloading gc-8.0.4-1-x86_64.pkg.tar.xz...
downloading libwacom-1.1-1-x86_64.pkg.tar.xz...
downloading mobile-broadband-provider-info-20190618-1-any.pkg.tar.xz...
downloading mpd-0.21.15-1-x86_64.pkg.tar.xz...
downloading pango-1:1.44.6+2-1-x86_64.pkg.tar.xz...
checking keyring...
checking package integrity...
:: Synchronizing package databases...
 core is up to date
downloading extra.db...
downloading community.db...
:: Starting full system upgrade...
resolving dependencies...

Packages (6) gc-8.0.4-2  libical-3.0.6-1  libwacom-1.1-1  mobile-broadband-provider-info-20190618-1  mpd-0.21.15-1  pango-1:1.44.6+2-1

Total Download Size:  0.76 MiB

:: Proceed with download? [Y/n] 
:: Retrieving packages...
downloading gc-8.0.4-2-x86_64.pkg.tar.xz...
downloading libical-3.0.6-1-x86_64.pkg.tar.xz...
checking keyring...
checking package integrity...
