-  You are already connected to NordVPN.
  
10/27 14:28:45 [[1;32mNOTICE[0m] Downloading 2 item(s)

10/27 14:28:45 [[1;32mNOTICE[0m] IPv4 DHT: listening on UDP port 6977

10/27 14:28:45 [[1;32mNOTICE[0m] IPv4 BitTorrent: listening on TCP port 6968

10/27 14:28:45 [[1;31mERROR[0m] IPv6 BitTorrent: failed to bind TCP port 6968
Exception: [SocketCore.cc:312] errorCode=1 Failed to bind a socket, cause: Name or service not known
[DL:0B][#c7e3ae 0B/0B][#31ce72 0B/0B]
[DL:0B][#c7e3ae 8.1KiB/8.1KiB(100%)][#31ce72 0B/0B]

10/27 14:28:47 [[1;32mNOTICE[0m] Download complete: [MEMORY][METADATA]22+Jump+Street+(2014)+720p+BrRip+x264+-+YIFY
[DL:0B][#31ce72 0B/0B][#d54055 0B/817MiB(0%)]
[DL:0B][#31ce72 0B/0B][#d54055 0B/817MiB(0%)]
[DL:0B][#31ce72 14KiB/14KiB(100%)][#d54055 0B/817MiB(0%)]

10/27 14:28:50 [[1;32mNOTICE[0m] Download complete: [MEMORY][METADATA]Juno+2007+1080p+BluRay+x264+AAC+-+Ozlem
[DL:0B][#d54055 0B/817MiB(0%)][#13eb5b 0B/1.4GiB(0%)]
[DL:0B][#d54055 0B/817MiB(0%)][#13eb5b 0B/1.4GiB(0%)]
[DL:0B][#d54055 0B/817MiB(0%)][#13eb5b 0B/1.4GiB(0%)]
[DL:560KiB][#d54055 16KiB/817MiB(0%)][#13eb5b 96KiB/1.4GiB(0%)]
[DL:0.9MiB][#d54055 80KiB/817MiB(0%)][#13eb5b 1.1MiB/1.4GiB(0%)]
[DL:0.9MiB][#d54055 96KiB/817MiB(0%)][#13eb5b 2.0MiB/1.4GiB(0%)]
[DL:1.0MiB][#d54055 208KiB/817MiB(0%)][#13eb5b 3.2MiB/1.4GiB(0%)]
[DL:1.2MiB][#d54055 352KiB/817MiB(0%)][#13eb5b 4.7MiB/1.4GiB(0%)]
[DL:1.3MiB][#d54055 400KiB/817MiB(0%)][#13eb5b 6.6MiB/1.4GiB(0%)]
[DL:1.5MiB][#d54055 576KiB/817MiB(0%)][#13eb5b 8.6MiB/1.4GiB(0%)]
[DL:1.6MiB][#d54055 704KiB/817MiB(0%)][#13eb5b 11MiB/1.4GiB(0%)]
[DL:1.7MiB][#d54055 896KiB/817MiB(0%)][#13eb5b 13MiB/1.4GiB(0%)]
[DL:1.9MiB][#d54055 1.0MiB/817MiB(0%)][#13eb5b 16MiB/1.4GiB(1%)]
[DL:2.1MiB][#d54055 1.2MiB/817MiB(0%)][#13eb5b 19MiB/1.4GiB(1%)]
[DL:2.3MiB][#d54055 1.2MiB/817MiB(0%)][#13eb5b 21MiB/1.4GiB(1%)]
[DL:2.5MiB][#d54055 1.2MiB/817MiB(0%)][#13eb5b 25MiB/1.4GiB(1%)]
[DL:2.7MiB][#d54055 1.3MiB/817MiB(0%)][#13eb5b 28MiB/1.4GiB(1%)]
[DL:2.8MiB][#d54055 1.4MiB/817MiB(0%)][#13eb5b 31MiB/1.4GiB(2%)]
[DL:2.9MiB][#d54055 1.4MiB/817MiB(0%)][#13eb5b 34MiB/1.4GiB(2%)]
[DL:3.1MiB][#d54055 1.5MiB/817MiB(0%)][#13eb5b 38MiB/1.4GiB(2%)]
[DL:3.2MiB][#d54055 1.6MiB/817MiB(0%)][#13eb5b 41MiB/1.4GiB(2%)]
[DL:3.3MiB][#d54055 1.7MiB/817MiB(0%)][#13eb5b 45MiB/1.4GiB(3%)]
[DL:3.4MiB][#d54055 1.8MiB/817MiB(0%)][#13eb5b 50MiB/1.4GiB(3%)]
[DL:3.5MiB][#d54055 2.0MiB/817MiB(0%)][#13eb5b 53MiB/1.4GiB(3%)]
[DL:3.7MiB][#d54055 2.1MiB/817MiB(0%)][#13eb5b 57MiB/1.4GiB(4%)]
[DL:3.7MiB][#d54055 2.3MiB/817MiB(0%)][#13eb5b 61MiB/1.4GiB(4%)]
[DL:3.7MiB][#d54055 2.6MiB/817MiB(0%)][#13eb5b 64MiB/1.4GiB(4%)]
[DL:3.9MiB][#d54055 3.3MiB/817MiB(0%)][#13eb5b 68MiB/1.4GiB(4%)]
[DL:4.0MiB][#d54055 3.7MiB/817MiB(0%)][#13eb5b 71MiB/1.4GiB(4%)]
[DL:4.0MiB][#d54055 4.2MiB/817MiB(0%)][#13eb5b 75MiB/1.4GiB(5%)]
[DL:4.0MiB][#d54055 4.6MiB/817MiB(0%)][#13eb5b 79MiB/1.4GiB(5%)]
[DL:4.1MiB][#d54055 5.1MiB/817MiB(0%)][#13eb5b 83MiB/1.4GiB(5%)]
[DL:4.2MiB][#d54055 5.6MiB/817MiB(0%)][#13eb5b 88MiB/1.4GiB(6%)]
[DL:4.2MiB][#d54055 6.0MiB/817MiB(0%)][#13eb5b 91MiB/1.4GiB(6%)]
[DL:4.3MiB][#d54055 6.5MiB/817MiB(0%)][#13eb5b 96MiB/1.4GiB(6%)]
[DL:4.4MiB][#d54055 6.9MiB/817MiB(0%)][#13eb5b 100MiB/1.4GiB(6%)]
[DL:4.8MiB][#d54055 7.4MiB/817MiB(0%)][#13eb5b 107MiB/1.4GiB(7%)]
[DL:5.0MiB][#d54055 7.9MiB/817MiB(0%)][#13eb5b 113MiB/1.4GiB(7%)]
[DL:5.2MiB][#d54055 8.3MiB/817MiB(1%)][#13eb5b 118MiB/1.4GiB(8%)]
[DL:5.5MiB][#d54055 9.2MiB/817MiB(1%)][#13eb5b 125MiB/1.4GiB(8%)]
[DL:5.7MiB][#d54055 10MiB/817MiB(1%)][#13eb5b 131MiB/1.4GiB(9%)]
[DL:5.8MiB][#d54055 12MiB/817MiB(1%)][#13eb5b 134MiB/1.4GiB(9%)]
[DL:5.8MiB][#d54055 13MiB/817MiB(1%)][#13eb5b 137MiB/1.4GiB(9%)]
[DL:5.9MiB][#d54055 15MiB/817MiB(1%)][#13eb5b 140MiB/1.4GiB(9%)]
[DL:5.6MiB][#d54055 17MiB/817MiB(2%)][#13eb5b 142MiB/1.4GiB(9%)]
[DL:5.8MiB][#d54055 20MiB/817MiB(2%)][#13eb5b 146MiB/1.4GiB(10%)]
[DL:5.8MiB][#d54055 23MiB/817MiB(2%)][#13eb5b 149MiB/1.4GiB(10%)]
[DL:5.7MiB][#d54055 27MiB/817MiB(3%)][#13eb5b 151MiB/1.4GiB(10%)]
[DL:5.8MiB][#d54055 31MiB/817MiB(3%)][#13eb5b 154MiB/1.4GiB(10%)]
[DL:5.9MiB][#d54055 36MiB/817MiB(4%)][#13eb5b 157MiB/1.4GiB(10%)]
[DL:6.2MiB][#d54055 40MiB/817MiB(4%)][#13eb5b 161MiB/1.4GiB(11%)]
[DL:6.4MiB][#d54055 44MiB/817MiB(5%)][#13eb5b 164MiB/1.4GiB(11%)]
[DL:6.7MiB][#d54055 49MiB/817MiB(6%)][#13eb5b 168MiB/1.4GiB(11%)]
[DL:7.1MiB][#d54055 53MiB/817MiB(6%)][#13eb5b 170MiB/1.4GiB(11%)]
 *** Download Progress Summary as of Sun Oct 27 14:29:45 2019 *** 
===============================================================================
[#d54055 57MiB/817MiB(7%) CN:44 SD:14 DL:4.1MiB ETA:3m1s]
FILE: /home/user/Media/videos/movies/22 Jump Street (2014)/22.Jump.Street.2014.720p.BluRay.x264.YIFY.mp4 (1more)
-------------------------------------------------------------------------------
[#13eb5b 172MiB/1.4GiB(11%) CN:37 SD:15 DL:2.9MiB ETA:7m6s]
FILE: /home/user/Media/videos/movies/Juno 2007 1080p BluRay x264 AAC - Ozlem/Juno 2007 1080p BluRay x264 AAC - Ozlem.mp4
-------------------------------------------------------------------------------

[DL:7.1MiB][#d54055 57MiB/817MiB(7%)][#13eb5b 172MiB/1.4GiB(11%)]
[DL:7.4MiB][#d54055 63MiB/817MiB(7%)][#13eb5b 175MiB/1.4GiB(12%)]
[DL:7.7MiB][#d54055 70MiB/817MiB(8%)][#13eb5b 178MiB/1.4GiB(12%)]
[DL:8.0MiB][#d54055 77MiB/817MiB(9%)][#13eb5b 180MiB/1.4GiB(12%)]
[DL:8.1MiB][#d54055 81MiB/817MiB(9%)][#13eb5b 185MiB/1.4GiB(12%)]
[DL:8.1MiB][#d54055 86MiB/817MiB(10%)][#13eb5b 189MiB/1.4GiB(13%)]
[DL:8.2MiB][#d54055 90MiB/817MiB(11%)][#13eb5b 193MiB/1.4GiB(13%)]
[DL:8.4MiB][#d54055 93MiB/817MiB(11%)][#13eb5b 200MiB/1.4GiB(13%)]
[DL:8.3MiB][#d54055 94MiB/817MiB(11%)][#13eb5b 206MiB/1.4GiB(14%)]
[DL:8.4MiB][#d54055 95MiB/817MiB(11%)][#13eb5b 213MiB/1.4GiB(14%)]
[DL:8.2MiB][#d54055 96MiB/817MiB(11%)][#13eb5b 215MiB/1.4GiB(14%)]
[DL:8.1MiB][#d54055 99MiB/817MiB(12%)][#13eb5b 221MiB/1.4GiB(15%)]
[DL:8.3MiB][#d54055 100MiB/817MiB(12%)][#13eb5b 230MiB/1.4GiB(16%)]
[DL:8.2MiB][#d54055 101MiB/817MiB(12%)][#13eb5b 239MiB/1.4GiB(16%)]
[DL:8.5MiB][#d54055 102MiB/817MiB(12%)][#13eb5b 248MiB/1.4GiB(17%)]
[DL:8.7MiB][#d54055 104MiB/817MiB(12%)][#13eb5b 257MiB/1.4GiB(17%)]
[DL:8.7MiB][#d54055 106MiB/817MiB(13%)][#13eb5b 264MiB/1.4GiB(18%)]
[DL:8.4MiB][#d54055 108MiB/817MiB(13%)][#13eb5b 269MiB/1.4GiB(18%)]
[DL:8.5MiB][#d54055 110MiB/817MiB(13%)][#13eb5b 274MiB/1.4GiB(19%)]
[DL:8.7MiB][#d54055 113MiB/817MiB(13%)][#13eb5b 278MiB/1.4GiB(19%)]
[DL:8.5MiB][#d54055 115MiB/817MiB(14%)][#13eb5b 281MiB/1.4GiB(19%)]
[DL:8.3MiB][#d54055 118MiB/817MiB(14%)][#13eb5b 286MiB/1.4GiB(19%)]
[DL:7.9MiB][#d54055 119MiB/817MiB(14%)][#13eb5b 292MiB/1.4GiB(20%)]
[DL:7.7MiB][#d54055 121MiB/817MiB(14%)][#13eb5b 298MiB/1.4GiB(20%)]
[DL:7.2MiB][#d54055 123MiB/817MiB(15%)][#13eb5b 301MiB/1.4GiB(20%)]
[DL:6.9MiB][#d54055 125MiB/817MiB(15%)][#13eb5b 305MiB/1.4GiB(21%)]
[DL:7.3MiB][#d54055 127MiB/817MiB(15%)][#13eb5b 314MiB/1.4GiB(21%)]
[DL:7.5MiB][#d54055 128MiB/817MiB(15%)][#13eb5b 324MiB/1.4GiB(22%)]
[DL:7.9MiB][#d54055 129MiB/817MiB(15%)][#13eb5b 332MiB/1.4GiB(23%)]
[DL:7.9MiB][#d54055 131MiB/817MiB(16%)][#13eb5b 337MiB/1.4GiB(23%)]
[DL:7.8MiB][#d54055 131MiB/817MiB(16%)][#13eb5b 342MiB/1.4GiB(23%)]
[DL:7.4MiB][#d54055 133MiB/817MiB(16%)][#13eb5b 345MiB/1.4GiB(23%)]
[DL:7.4MiB][#d54055 135MiB/817MiB(16%)][#13eb5b 350MiB/1.4GiB(24%)]
[DL:7.7MiB][#d54055 138MiB/817MiB(16%)][#13eb5b 355MiB/1.4GiB(24%)]
[DL:8.0MiB][#d54055 141MiB/817MiB(17%)][#13eb5b 361MiB/1.4GiB(25%)]
[DL:7.7MiB][#d54055 144MiB/817MiB(17%)][#13eb5b 366MiB/1.4GiB(25%)]
[DL:7.5MiB][#d54055 146MiB/817MiB(17%)][#13eb5b 372MiB/1.4GiB(25%)]
[DL:7.1MiB][#d54055 148MiB/817MiB(18%)][#13eb5b 376MiB/1.4GiB(26%)]
[DL:7.4MiB][#d54055 149MiB/817MiB(18%)][#13eb5b 385MiB/1.4GiB(26%)]
[DL:7.6MiB][#d54055 150MiB/817MiB(18%)][#13eb5b 391MiB/1.4GiB(27%)]
[DL:7.7MiB][#d54055 151MiB/817MiB(18%)][#13eb5b 396MiB/1.4GiB(27%)]
[DL:7.6MiB][#d54055 154MiB/817MiB(18%)][#13eb5b 400MiB/1.4GiB(27%)]
[DL:7.7MiB][#d54055 156MiB/817MiB(19%)][#13eb5b 405MiB/1.4GiB(28%)]
[DL:7.7MiB][#d54055 159MiB/817MiB(19%)][#13eb5b 411MiB/1.4GiB(28%)]
[DL:7.8MiB][#d54055 162MiB/817MiB(19%)][#13eb5b 416MiB/1.4GiB(28%)]
[DL:7.8MiB][#d54055 166MiB/817MiB(20%)][#13eb5b 422MiB/1.4GiB(29%)]
[DL:7.8MiB][#d54055 169MiB/817MiB(20%)][#13eb5b 427MiB/1.4GiB(29%)]
[DL:7.9MiB][#d54055 171MiB/817MiB(21%)][#13eb5b 433MiB/1.4GiB(30%)]
[DL:7.6MiB][#d54055 174MiB/817MiB(21%)][#13eb5b 436MiB/1.4GiB(30%)]
[DL:7.5MiB][#d54055 175MiB/817MiB(21%)][#13eb5b 440MiB/1.4GiB(30%)]
[DL:7.3MiB][#d54055 177MiB/817MiB(21%)][#13eb5b 444MiB/1.4GiB(30%)]
[DL:7.2MiB][#d54055 179MiB/817MiB(22%)][#13eb5b 447MiB/1.4GiB(31%)]
[DL:7.4MiB][#d54055 184MiB/817MiB(22%)][#13eb5b 451MiB/1.4GiB(31%)]
[DL:7.5MiB][#d54055 188MiB/817MiB(23%)][#13eb5b 456MiB/1.4GiB(31%)]
[DL:7.6MiB][#d54055 192MiB/817MiB(23%)][#13eb5b 462MiB/1.4GiB(32%)]
[DL:7.5MiB][#d54055 197MiB/817MiB(24%)][#13eb5b 465MiB/1.4GiB(32%)]
[DL:7.4MiB][#d54055 199MiB/817MiB(24%)][#13eb5b 471MiB/1.4GiB(32%)]
[DL:7.3MiB][#d54055 202MiB/817MiB(24%)][#13eb5b 475MiB/1.4GiB(33%)]
[DL:7.6MiB][#d54055 206MiB/817MiB(25%)][#13eb5b 480MiB/1.4GiB(33%)]
[DL:8.0MiB][#d54055 209MiB/817MiB(25%)][#13eb5b 485MiB/1.4GiB(33%)]
[DL:7.7MiB][#d54055 211MiB/817MiB(25%)][#13eb5b 487MiB/1.4GiB(33%)]
 *** Download Progress Summary as of Sun Oct 27 14:30:46 2019 *** 
===============================================================================
[#d54055 213MiB/817MiB(26%) CN:44 SD:14 DL:3.2MiB ETA:3m5s]
FILE: /home/user/Media/videos/movies/22 Jump Street (2014)/22.Jump.Street.2014.720p.BluRay.x264.YIFY.mp4 (1more)
-------------------------------------------------------------------------------
[#13eb5b 493MiB/1.4GiB(34%) CN:15 SD:11 DL:4.7MiB ETA:3m20s]
FILE: /home/user/Media/videos/movies/Juno 2007 1080p BluRay x264 AAC - Ozlem/Juno 2007 1080p BluRay x264 AAC - Ozlem.mp4
-------------------------------------------------------------------------------

[DL:8.0MiB][#d54055 213MiB/817MiB(26%)][#13eb5b 493MiB/1.4GiB(34%)]
[DL:7.6MiB][#d54055 215MiB/817MiB(26%)][#13eb5b 496MiB/1.4GiB(34%)]
[DL:7.4MiB][#d54055 218MiB/817MiB(26%)][#13eb5b 501MiB/1.4GiB(34%)]
[DL:7.0MiB][#d54055 221MiB/817MiB(27%)][#13eb5b 504MiB/1.4GiB(35%)]
[DL:7.0MiB][#d54055 223MiB/817MiB(27%)][#13eb5b 509MiB/1.4GiB(35%)]
[DL:7.1MiB][#d54055 226MiB/817MiB(27%)][#13eb5b 516MiB/1.4GiB(35%)]
[DL:7.4MiB][#d54055 230MiB/817MiB(28%)][#13eb5b 522MiB/1.4GiB(36%)]
[DL:7.4MiB][#d54055 233MiB/817MiB(28%)][#13eb5b 526MiB/1.4GiB(36%)]
[DL:7.2MiB][#d54055 235MiB/817MiB(28%)][#13eb5b 530MiB/1.4GiB(36%)]
[DL:7.2MiB][#d54055 238MiB/817MiB(29%)][#13eb5b 533MiB/1.4GiB(37%)]
[DL:7.2MiB][#d54055 240MiB/817MiB(29%)][#13eb5b 537MiB/1.4GiB(37%)]
[DL:7.4MiB][#d54055 243MiB/817MiB(29%)][#13eb5b 542MiB/1.4GiB(37%)]
[DL:7.5MiB][#d54055 247MiB/817MiB(30%)][#13eb5b 545MiB/1.4GiB(37%)]
[DL:7.7MiB][#d54055 248MiB/817MiB(30%)][#13eb5b 552MiB/1.4GiB(38%)]
[DL:7.5MiB][#d54055 250MiB/817MiB(30%)][#13eb5b 557MiB/1.4GiB(38%)]
[DL:7.0MiB][#d54055 252MiB/817MiB(30%)][#13eb5b 561MiB/1.4GiB(38%)]
[DL:7.0MiB][#d54055 255MiB/817MiB(31%)][#13eb5b 567MiB/1.4GiB(39%)]
[DL:6.9MiB][#d54055 258MiB/817MiB(31%)][#13eb5b 571MiB/1.4GiB(39%)]
[DL:7.4MiB][#d54055 261MiB/817MiB(31%)][#13eb5b 577MiB/1.4GiB(40%)]
[DL:7.4MiB][#d54055 264MiB/817MiB(32%)][#13eb5b 579MiB/1.4GiB(40%)]
[DL:7.3MiB][#d54055 267MiB/817MiB(32%)][#13eb5b 583MiB/1.4GiB(40%)]
[DL:7.3MiB][#d54055 270MiB/817MiB(33%)][#13eb5b 588MiB/1.4GiB(40%)]
[DL:7.5MiB][#d54055 272MiB/817MiB(33%)][#13eb5b 595MiB/1.4GiB(41%)]
[DL:7.9MiB][#d54055 275MiB/817MiB(33%)][#13eb5b 602MiB/1.4GiB(41%)]
[DL:8.0MiB][#d54055 279MiB/817MiB(34%)][#13eb5b 608MiB/1.4GiB(42%)]
[DL:8.2MiB][#d54055 283MiB/817MiB(34%)][#13eb5b 613MiB/1.4GiB(42%)]
[DL:8.4MiB][#d54055 289MiB/817MiB(35%)][#13eb5b 617MiB/1.4GiB(42%)]
[DL:8.5MiB][#d54055 294MiB/817MiB(36%)][#13eb5b 621MiB/1.4GiB(43%)]
[DL:8.9MiB][#d54055 300MiB/817MiB(36%)][#13eb5b 622MiB/1.4GiB(43%)]
[DL:9.0MiB][#d54055 303MiB/817MiB(37%)][#13eb5b 626MiB/1.4GiB(43%)]
[DL:8.9MiB][#d54055 308MiB/817MiB(37%)][#13eb5b 628MiB/1.4GiB(43%)]
[DL:8.5MiB][#d54055 312MiB/817MiB(38%)][#13eb5b 630MiB/1.4GiB(43%)]
[DL:8.6MiB][#d54055 319MiB/817MiB(39%)][#13eb5b 633MiB/1.4GiB(44%)]
[DL:8.5MiB][#d54055 324MiB/817MiB(39%)][#13eb5b 638MiB/1.4GiB(44%)]
[DL:8.6MiB][#d54055 326MiB/817MiB(39%)][#13eb5b 645MiB/1.4GiB(44%)]
[DL:8.7MiB][#d54055 329MiB/817MiB(40%)][#13eb5b 653MiB/1.4GiB(45%)]
[DL:8.7MiB][#d54055 333MiB/817MiB(40%)][#13eb5b 657MiB/1.4GiB(45%)]
[DL:8.7MiB][#d54055 340MiB/817MiB(41%)][#13eb5b 661MiB/1.4GiB(45%)]
[DL:8.8MiB][#d54055 344MiB/817MiB(42%)][#13eb5b 664MiB/1.4GiB(46%)]
[DL:8.8MiB][#d54055 349MiB/817MiB(42%)][#13eb5b 667MiB/1.4GiB(46%)]
[DL:8.8MiB][#d54055 353MiB/817MiB(43%)][#13eb5b 668MiB/1.4GiB(46%)]
[DL:8.6MiB][#d54055 357MiB/817MiB(43%)][#13eb5b 672MiB/1.4GiB(46%)]
[DL:8.6MiB][#d54055 361MiB/817MiB(44%)][#13eb5b 677MiB/1.4GiB(47%)]
[DL:8.6MiB][#d54055 367MiB/817MiB(44%)][#13eb5b 681MiB/1.4GiB(47%)]
[DL:8.6MiB][#d54055 372MiB/817MiB(45%)][#13eb5b 686MiB/1.4GiB(47%)]
[DL:8.6MiB][#d54055 377MiB/817MiB(46%)][#13eb5b 692MiB/1.4GiB(48%)]
[DL:8.7MiB][#d54055 381MiB/817MiB(46%)][#13eb5b 698MiB/1.4GiB(48%)]
[DL:8.9MiB][#d54055 383MiB/817MiB(46%)][#13eb5b 706MiB/1.4GiB(49%)]
[DL:9.1MiB][#d54055 386MiB/817MiB(47%)][#13eb5b 711MiB/1.4GiB(49%)]
[DL:9.2MiB][#d54055 389MiB/817MiB(47%)][#13eb5b 716MiB/1.4GiB(49%)]
[DL:9.1MiB][#d54055 391MiB/817MiB(47%)][#13eb5b 719MiB/1.4GiB(49%)]
[DL:9.2MiB][#d54055 394MiB/817MiB(48%)][#13eb5b 727MiB/1.4GiB(50%)]
[DL:8.9MiB][#d54055 397MiB/817MiB(48%)][#13eb5b 731MiB/1.4GiB(50%)]
[DL:8.8MiB][#d54055 399MiB/817MiB(48%)][#13eb5b 738MiB/1.4GiB(51%)]
[DL:8.7MiB][#d54055 402MiB/817MiB(49%)][#13eb5b 744MiB/1.4GiB(51%)]
[DL:8.3MiB][#d54055 405MiB/817MiB(49%)][#13eb5b 749MiB/1.4GiB(52%)]
[DL:8.1MiB][#d54055 410MiB/817MiB(50%)][#13eb5b 752MiB/1.4GiB(52%)]
[DL:8.3MiB][#d54055 413MiB/817MiB(50%)][#13eb5b 758MiB/1.4GiB(52%)]
[DL:8.3MiB][#d54055 418MiB/817MiB(51%)][#13eb5b 761MiB/1.4GiB(52%)]
[DL:8.4MiB][#d54055 421MiB/817MiB(51%)][#13eb5b 766MiB/1.4GiB(53%)]
[DL:8.2MiB][#d54055 425MiB/817MiB(52%)][#13eb5b 769MiB/1.4GiB(53%)]
 *** Download Progress Summary as of Sun Oct 27 14:31:46 2019 *** 
===============================================================================
[#d54055 428MiB/817MiB(52%) CN:44 SD:17 DL:3.4MiB ETA:1m52s]
FILE: /home/user/Media/videos/movies/22 Jump Street (2014)/22.Jump.Street.2014.720p.BluRay.x264.YIFY.mp4 (1more)
-------------------------------------------------------------------------------
[#13eb5b 774MiB/1.4GiB(53%) CN:13 SD:9 DL:4.7MiB ETA:2m18s]
FILE: /home/user/Media/videos/movies/Juno 2007 1080p BluRay x264 AAC - Ozlem/Juno 2007 1080p BluRay x264 AAC - Ozlem.mp4
-------------------------------------------------------------------------------

[DL:8.2MiB][#d54055 428MiB/817MiB(52%)][#13eb5b 774MiB/1.4GiB(53%)]
[DL:8.0MiB][#d54055 430MiB/817MiB(52%)][#13eb5b 777MiB/1.4GiB(54%)]
[DL:7.9MiB][#d54055 434MiB/817MiB(53%)][#13eb5b 783MiB/1.4GiB(54%)]
[DL:8.2MiB][#d54055 437MiB/817MiB(53%)][#13eb5b 790MiB/1.4GiB(54%)]
[DL:8.4MiB][#d54055 440MiB/817MiB(53%)][#13eb5b 797MiB/1.4GiB(55%)]
[DL:8.5MiB][#d54055 444MiB/817MiB(54%)][#13eb5b 804MiB/1.4GiB(55%)]
[DL:8.5MiB][#d54055 448MiB/817MiB(54%)][#13eb5b 808MiB/1.4GiB(56%)]
[DL:9.0MiB][#d54055 452MiB/817MiB(55%)][#13eb5b 815MiB/1.4GiB(56%)]
[DL:9.0MiB][#d54055 457MiB/817MiB(56%)][#13eb5b 817MiB/1.4GiB(56%)]
[DL:8.9MiB][#d54055 460MiB/817MiB(56%)][#13eb5b 821MiB/1.4GiB(57%)]
[DL:8.7MiB][#d54055 463MiB/817MiB(56%)][#13eb5b 823MiB/1.4GiB(57%)]
[DL:8.5MiB][#d54055 466MiB/817MiB(57%)][#13eb5b 827MiB/1.4GiB(57%)]
[DL:8.2MiB][#d54055 467MiB/817MiB(57%)][#13eb5b 833MiB/1.4GiB(57%)]
[DL:7.9MiB][#d54055 469MiB/817MiB(57%)][#13eb5b 837MiB/1.4GiB(58%)]
[DL:7.9MiB][#d54055 472MiB/817MiB(57%)][#13eb5b 844MiB/1.4GiB(58%)]
[DL:7.5MiB][#d54055 476MiB/817MiB(58%)][#13eb5b 847MiB/1.4GiB(58%)]
[DL:7.7MiB][#d54055 479MiB/817MiB(58%)][#13eb5b 853MiB/1.4GiB(59%)]
[DL:7.5MiB][#d54055 481MiB/817MiB(58%)][#13eb5b 861MiB/1.4GiB(59%)]
[DL:7.5MiB][#d54055 484MiB/817MiB(59%)][#13eb5b 865MiB/1.4GiB(60%)]
[DL:7.4MiB][#d54055 488MiB/817MiB(59%)][#13eb5b 867MiB/1.4GiB(60%)]
[DL:7.4MiB][#d54055 491MiB/817MiB(60%)][#13eb5b 869MiB/1.4GiB(60%)]
[DL:7.5MiB][#d54055 497MiB/817MiB(60%)][#13eb5b 871MiB/1.4GiB(60%)]
[DL:7.5MiB][#d54055 502MiB/817MiB(61%)][#13eb5b 873MiB/1.4GiB(60%)]
[DL:7.8MiB][#d54055 509MiB/817MiB(62%)][#13eb5b 875MiB/1.4GiB(60%)]
[DL:7.7MiB][#d54055 515MiB/817MiB(63%)][#13eb5b 877MiB/1.4GiB(60%)]
[DL:7.9MiB][#d54055 522MiB/817MiB(63%)][#13eb5b 880MiB/1.4GiB(61%)]
[DL:7.8MiB][#d54055 529MiB/817MiB(64%)][#13eb5b 883MiB/1.4GiB(61%)]
[DL:7.7MiB][#d54055 535MiB/817MiB(65%)][#13eb5b 885MiB/1.4GiB(61%)]
[DL:7.8MiB][#d54055 539MiB/817MiB(66%)][#13eb5b 887MiB/1.4GiB(61%)]
[DL:7.8MiB][#d54055 544MiB/817MiB(66%)][#13eb5b 889MiB/1.4GiB(61%)]
[DL:8.0MiB][#d54055 548MiB/817MiB(67%)][#13eb5b 891MiB/1.4GiB(61%)]
[DL:7.9MiB][#d54055 553MiB/817MiB(67%)][#13eb5b 893MiB/1.4GiB(62%)]
[DL:7.9MiB][#d54055 559MiB/817MiB(68%)][#13eb5b 895MiB/1.4GiB(62%)]
[DL:7.9MiB][#d54055 566MiB/817MiB(69%)][#13eb5b 897MiB/1.4GiB(62%)]
[DL:8.0MiB][#d54055 573MiB/817MiB(70%)][#13eb5b 900MiB/1.4GiB(62%)]
[DL:8.1MiB][#d54055 578MiB/817MiB(70%)][#13eb5b 905MiB/1.4GiB(62%)]
[DL:8.2MiB][#d54055 580MiB/817MiB(71%)][#13eb5b 914MiB/1.4GiB(63%)]
[DL:8.5MiB][#d54055 585MiB/817MiB(71%)][#13eb5b 919MiB/1.4GiB(63%)]
[DL:8.7MiB][#d54055 590MiB/817MiB(72%)][#13eb5b 0.9GiB/1.4GiB(64%)]
[DL:8.7MiB][#d54055 594MiB/817MiB(72%)][#13eb5b 0.9GiB/1.4GiB(64%)]
[DL:8.6MiB][#d54055 597MiB/817MiB(73%)][#13eb5b 0.9GiB/1.4GiB(64%)]
[DL:8.7MiB][#d54055 602MiB/817MiB(73%)][#13eb5b 0.9GiB/1.4GiB(64%)]
[DL:8.7MiB][#d54055 609MiB/817MiB(74%)][#13eb5b 0.9GiB/1.4GiB(64%)]
[DL:8.7MiB][#d54055 615MiB/817MiB(75%)][#13eb5b 0.9GiB/1.4GiB(64%)]
[DL:8.5MiB][#d54055 622MiB/817MiB(76%)][#13eb5b 0.9GiB/1.4GiB(65%)]
[DL:8.4MiB][#d54055 628MiB/817MiB(76%)][#13eb5b 0.9GiB/1.4GiB(65%)]
[DL:8.3MiB][#d54055 635MiB/817MiB(77%)][#13eb5b 0.9GiB/1.4GiB(65%)]
[DL:8.3MiB][#d54055 643MiB/817MiB(78%)][#13eb5b 0.9GiB/1.4GiB(65%)]
[DL:8.5MiB][#d54055 648MiB/817MiB(79%)][#13eb5b 0.9GiB/1.4GiB(65%)]
[DL:8.4MiB][#d54055 652MiB/817MiB(79%)][#13eb5b 0.9GiB/1.4GiB(66%)]
[DL:8.7MiB][#d54055 657MiB/817MiB(80%)][#13eb5b 0.9GiB/1.4GiB(66%)]
[DL:8.7MiB][#d54055 664MiB/817MiB(81%)][#13eb5b 0.9GiB/1.4GiB(66%)]
[DL:8.5MiB][#d54055 669MiB/817MiB(81%)][#13eb5b 0.9GiB/1.4GiB(66%)]
[DL:8.5MiB][#d54055 675MiB/817MiB(82%)][#13eb5b 0.9GiB/1.4GiB(66%)]
[DL:8.6MiB][#d54055 681MiB/817MiB(83%)][#13eb5b 0.9GiB/1.4GiB(66%)]
[DL:8.5MiB][#d54055 686MiB/817MiB(84%)][#13eb5b 0.9GiB/1.4GiB(67%)]
[DL:8.5MiB][#d54055 692MiB/817MiB(84%)][#13eb5b 0.9GiB/1.4GiB(67%)]
[DL:8.6MiB][#d54055 697MiB/817MiB(85%)][#13eb5b 0.9GiB/1.4GiB(67%)]
[DL:8.3MiB][#d54055 700MiB/817MiB(85%)][#13eb5b 0.9GiB/1.4GiB(67%)]
[DL:8.5MiB][#d54055 702MiB/817MiB(85%)][#13eb5b 0.9GiB/1.4GiB(68%)]
[DL:8.1MiB][#d54055 704MiB/817MiB(86%)][#13eb5b 0.9GiB/1.4GiB(68%)]
 *** Download Progress Summary as of Sun Oct 27 14:32:47 2019 *** 
===============================================================================
[#d54055 708MiB/817MiB(86%) CN:38 SD:16 DL:4.4MiB ETA:24s]
FILE: /home/user/Media/videos/movies/22 Jump Street (2014)/22.Jump.Street.2014.720p.BluRay.x264.YIFY.mp4 (1more)
-------------------------------------------------------------------------------
[#13eb5b 0.9GiB/1.4GiB(68%) CN:14 SD:10 DL:3.6MiB ETA:2m3s]
FILE: /home/user/Media/videos/movies/Juno 2007 1080p BluRay x264 AAC - Ozlem/Juno 2007 1080p BluRay x264 AAC - Ozlem.mp4
-------------------------------------------------------------------------------

[DL:8.0MiB][#d54055 708MiB/817MiB(86%)][#13eb5b 0.9GiB/1.4GiB(68%)]
[DL:8.0MiB][#d54055 711MiB/817MiB(87%)][#13eb5b 0.9GiB/1.4GiB(69%)]
[DL:7.8MiB][#d54055 713MiB/817MiB(87%)][#13eb5b 0.9GiB/1.4GiB(69%)]
[DL:7.8MiB][#d54055 718MiB/817MiB(87%)][#13eb5b 0.9GiB/1.4GiB(69%)]
[DL:7.7MiB][#d54055 722MiB/817MiB(88%)][#13eb5b 0.9GiB/1.4GiB(70%)]
[DL:7.6MiB][#d54055 726MiB/817MiB(88%)][#13eb5b 0.9GiB/1.4GiB(70%)]
[DL:7.8MiB][#d54055 730MiB/817MiB(89%)][#13eb5b 0.9GiB/1.4GiB(70%)]
[DL:7.9MiB][#d54055 732MiB/817MiB(89%)][#13eb5b 1.0GiB/1.4GiB(71%)]
[DL:8.2MiB][#d54055 736MiB/817MiB(90%)][#13eb5b 1.0GiB/1.4GiB(71%)]
[DL:8.1MiB][#d54055 739MiB/817MiB(90%)][#13eb5b 1.0GiB/1.4GiB(71%)]
[DL:8.1MiB][#d54055 741MiB/817MiB(90%)][#13eb5b 1.0GiB/1.4GiB(72%)]
[DL:8.0MiB][#d54055 743MiB/817MiB(91%)][#13eb5b 1.0GiB/1.4GiB(72%)]
[DL:8.2MiB][#d54055 746MiB/817MiB(91%)][#13eb5b 1.0GiB/1.4GiB(72%)]
[DL:8.4MiB][#d54055 749MiB/817MiB(91%)][#13eb5b 1.0GiB/1.4GiB(73%)]
[DL:8.5MiB][#d54055 754MiB/817MiB(92%)][#13eb5b 1.0GiB/1.4GiB(73%)]
[DL:8.5MiB][#d54055 759MiB/817MiB(92%)][#13eb5b 1.0GiB/1.4GiB(74%)]
[DL:8.4MiB][#d54055 763MiB/817MiB(93%)][#13eb5b 1.0GiB/1.4GiB(74%)]
[DL:8.8MiB][#d54055 766MiB/817MiB(93%)][#13eb5b 1.0GiB/1.4GiB(74%)]
[DL:8.7MiB][#d54055 769MiB/817MiB(94%)][#13eb5b 1.0GiB/1.4GiB(75%)]
[DL:8.6MiB][#d54055 772MiB/817MiB(94%)][#13eb5b 1.0GiB/1.4GiB(75%)]
[DL:8.9MiB][#d54055 775MiB/817MiB(94%)][#13eb5b 1.0GiB/1.4GiB(75%)]
[DL:9.0MiB][#d54055 778MiB/817MiB(95%)][#13eb5b 1.0GiB/1.4GiB(76%)]
[DL:8.8MiB][#d54055 782MiB/817MiB(95%)][#13eb5b 1.0GiB/1.4GiB(76%)]
[DL:8.8MiB][#d54055 786MiB/817MiB(96%)][#13eb5b 1.0GiB/1.4GiB(77%)]
[DL:8.8MiB][#d54055 792MiB/817MiB(97%)][#13eb5b 1.0GiB/1.4GiB(77%)]
[DL:8.9MiB][#d54055 797MiB/817MiB(97%)][#13eb5b 1.0GiB/1.4GiB(77%)]
[DL:9.0MiB][#d54055 800MiB/817MiB(97%)][#13eb5b 1.0GiB/1.4GiB(78%)]
[DL:9.0MiB][#d54055 804MiB/817MiB(98%)][#13eb5b 1.1GiB/1.4GiB(78%)]
[DL:9.1MiB][#d54055 807MiB/817MiB(98%)][#13eb5b 1.1GiB/1.4GiB(78%)]
[DL:8.8MiB][#d54055 808MiB/817MiB(98%)][#13eb5b 1.1GiB/1.4GiB(78%)]
[DL:8.7MiB][#d54055 809MiB/817MiB(99%)][#13eb5b 1.1GiB/1.4GiB(79%)]
[DL:8.3MiB][#d54055 810MiB/817MiB(99%)][#13eb5b 1.1GiB/1.4GiB(79%)]
[DL:8.4MiB][#d54055 812MiB/817MiB(99%)][#13eb5b 1.1GiB/1.4GiB(80%)]
[DL:8.2MiB][#d54055 813MiB/817MiB(99%)][#13eb5b 1.1GiB/1.4GiB(80%)]
[DL:8.1MiB][#d54055 813MiB/817MiB(99%)][#13eb5b 1.1GiB/1.4GiB(80%)]
[DL:8.0MiB][#d54055 816MiB/817MiB(99%)][#13eb5b 1.1GiB/1.4GiB(81%)]

10/27 14:33:22 [[1;32mNOTICE[0m] Seeding is over.
[DL:7.7MiB][#d54055 SEED(0.0)][#13eb5b 1.1GiB/1.4GiB(81%)]
[DL:7.4MiB][#d54055 SEED(0.0)][#13eb5b 1.1GiB/1.4GiB(82%)]
[DL:6.9MiB][#d54055 SEED(0.0)][#13eb5b 1.1GiB/1.4GiB(82%)]
[DL:7.0MiB][#d54055 SEED(0.0)][#13eb5b 1.1GiB/1.4GiB(82%)]
[DL:6.9MiB][#d54055 SEED(0.0)][#13eb5b 1.1GiB/1.4GiB(83%)]
[DL:7.1MiB][#d54055 SEED(0.0)][#13eb5b 1.1GiB/1.4GiB(83%)]

10/27 14:33:28 [[1;32mNOTICE[0m] Download complete: /home/user/Media/videos/movies/22 Jump Street (2014)

10/27 14:33:28 [[1;32mNOTICE[0m] Your share ratio was 0.0, uploaded/downloaded=0B/817MiB
[#13eb5b 1.1GiB/1.4GiB(84%) CN:13 SD:10 DL:5.9MiB ETA:38s]
[#13eb5b 1.1GiB/1.4GiB(84%) CN:13 SD:10 DL:6.0MiB ETA:36s]
[#13eb5b 1.1GiB/1.4GiB(85%) CN:13 SD:10 DL:6.2MiB ETA:34s]
[#13eb5b 1.2GiB/1.4GiB(85%) CN:13 SD:10 DL:6.3MiB ETA:32s]
[#13eb5b 1.2GiB/1.4GiB(85%) CN:13 SD:10 DL:6.0MiB ETA:33s]
[#13eb5b 1.2GiB/1.4GiB(86%) CN:13 SD:10 DL:6.4MiB ETA:30s]
[#13eb5b 1.2GiB/1.4GiB(86%) CN:13 SD:10 DL:5.9MiB ETA:32s]
[#13eb5b 1.2GiB/1.4GiB(86%) CN:13 SD:10 DL:5.8MiB ETA:32s]
[#13eb5b 1.2GiB/1.4GiB(87%) CN:13 SD:10 DL:5.7MiB ETA:32s]
[#13eb5b 1.2GiB/1.4GiB(87%) CN:13 SD:10 DL:5.7MiB ETA:30s]
[#13eb5b 1.2GiB/1.4GiB(88%) CN:13 SD:10 DL:5.7MiB ETA:29s]
[#13eb5b 1.2GiB/1.4GiB(88%) CN:13 SD:10 DL:5.8MiB ETA:27s]
[#13eb5b 1.2GiB/1.4GiB(89%) CN:13 SD:10 DL:5.9MiB ETA:26s]
[#13eb5b 1.2GiB/1.4GiB(89%) CN:13 SD:10 DL:6.2MiB ETA:23s]
[#13eb5b 1.2GiB/1.4GiB(90%) CN:13 SD:10 DL:6.0MiB ETA:23s]
[#13eb5b 1.2GiB/1.4GiB(90%) CN:13 SD:10 DL:6.3MiB ETA:21s]
[#13eb5b 1.2GiB/1.4GiB(90%) CN:13 SD:10 DL:6.2MiB ETA:21s]
[#13eb5b 1.2GiB/1.4GiB(91%) CN:13 SD:10 DL:6.0MiB ETA:21s]
[#13eb5b 1.2GiB/1.4GiB(91%) CN:13 SD:10 DL:6.4MiB ETA:18s]
 *** Download Progress Summary as of Sun Oct 27 14:33:47 2019 *** 
===============================================================================
[#13eb5b 1.2GiB/1.4GiB(92%) CN:13 SD:10 DL:6.1MiB ETA:18s]
FILE: /home/user/Media/videos/movies/Juno 2007 1080p BluRay x264 AAC - Ozlem/Juno 2007 1080p BluRay x264 AAC - Ozlem.mp4
-------------------------------------------------------------------------------

[#13eb5b 1.2GiB/1.4GiB(92%) CN:13 SD:10 DL:6.1MiB ETA:18s]
[#13eb5b 1.2GiB/1.4GiB(92%) CN:13 SD:10 DL:5.8MiB ETA:18s]
[#13eb5b 1.3GiB/1.4GiB(92%) CN:13 SD:10 DL:5.8MiB ETA:17s]
[#13eb5b 1.3GiB/1.4GiB(93%) CN:13 SD:10 DL:5.4MiB ETA:17s]
[#13eb5b 1.3GiB/1.4GiB(93%) CN:13 SD:10 DL:5.7MiB ETA:15s]
[#13eb5b 1.3GiB/1.4GiB(94%) CN:13 SD:10 DL:6.1MiB ETA:13s]
[#13eb5b 1.3GiB/1.4GiB(94%) CN:13 SD:10 DL:6.6MiB ETA:11s]
[#13eb5b 1.3GiB/1.4GiB(95%) CN:13 SD:10 DL:6.4MiB ETA:10s]
[#13eb5b 1.3GiB/1.4GiB(95%) CN:14 SD:10 DL:5.9MiB ETA:11s]
[#13eb5b 1.3GiB/1.4GiB(95%) CN:14 SD:10 DL:5.8MiB ETA:10s]
[#13eb5b 1.3GiB/1.4GiB(96%) CN:14 SD:10 DL:5.8MiB ETA:9s]
[#13eb5b 1.3GiB/1.4GiB(96%) CN:14 SD:10 DL:5.8MiB ETA:8s]
[#13eb5b 1.3GiB/1.4GiB(96%) CN:14 SD:10 DL:5.6MiB ETA:8s]
[#13eb5b 1.3GiB/1.4GiB(96%) CN:14 SD:10 DL:5.4MiB ETA:7s]
[#13eb5b 1.3GiB/1.4GiB(97%) CN:14 SD:10 DL:5.2MiB ETA:7s]
[#13eb5b 1.3GiB/1.4GiB(97%) CN:14 SD:10 DL:4.9MiB ETA:6s]
[#13eb5b 1.3GiB/1.4GiB(98%) CN:14 SD:10 DL:4.9MiB ETA:4s]
[#13eb5b 1.3GiB/1.4GiB(98%) CN:14 SD:10 DL:5.1MiB ETA:4s]
[#13eb5b 1.3GiB/1.4GiB(98%) CN:14 SD:10 DL:5.1MiB ETA:3s]
[#13eb5b 1.3GiB/1.4GiB(99%) CN:14 SD:10 DL:5.0MiB ETA:1s]
[#13eb5b 1.4GiB/1.4GiB(99%) CN:14 SD:10 DL:5.2MiB]

10/27 14:34:08 [[1;32mNOTICE[0m] Seeding is over.
[#13eb5b SEED(0.0) CN:8 SD:4]

10/27 14:34:09 [[1;32mNOTICE[0m] Download complete: /home/user/Media/videos/movies/Juno 2007 1080p BluRay x264 AAC - Ozlem

10/27 14:34:09 [[1;32mNOTICE[0m] Your share ratio was 0.0, uploaded/downloaded=0B/1.4GiB


Download Results:
gid   |stat|avg speed  |path/URI
======+====+===========+=======================================================
c7e3ae|OK  |       0B/s|[MEMORY][METADATA]22+Jump+Street+(2014)+720p+BrRip+x264+-+YIFY
31ce72|OK  |       0B/s|[MEMORY][METADATA]Juno+2007+1080p+BluRay+x264+AAC+-+Ozlem
d54055|OK  |   3.0MiB/s|/home/user/Media/videos/movies/22 Jump Street (2014)/22.Jump.Street.2014.720p.BluRay.x264.YIFY.mp4 (1more)
13eb5b|OK  |   4.5MiB/s|/home/user/Media/videos/movies/Juno 2007 1080p BluRay x264 AAC - Ozlem/Juno 2007 1080p BluRay x264 AAC - Ozlem.mp4

Status Legend:
(OK):download completed.
